  Building Custom Rule E:/Deep_Learning_Project/face-alignment-in-3000fps-master/build/CMakeLists.txt
  CMake does not need to re-run because E:\Deep_Learning_Project\face-alignment-in-3000fps-master\vs2012_bulid\CMakeFiles\generate.stamp is up-to-date.
cl : 命令行 warning D9038: 此平台上不支持 /ZI；请启用 /Zi
  daxpy.c
  ddot.c
  dnrm2.c
  dscal.c
  正在生成代码...
cl : 命令行 warning D9038: 此平台上不支持 /ZI；请启用 /Zi
  tron.cpp
E:\Deep_Learning_Project\face-alignment-in-3000fps-master\liblinear\tron.cpp(39): warning C4996: 'vsprintf': This function or variable may be unsafe. Consider using vsprintf_s instead. To disable deprecation, use _CRT_SECURE_NO_WARNINGS. See online help for details.
          D:\Program Files (x86)\Microsoft Visual Studio 11.0\VC\include\stdio.h(357) : 参见“vsprintf”的声明
  linear.cpp
E:\Deep_Learning_Project\face-alignment-in-3000fps-master\liblinear\linear.cpp(39): warning C4996: 'vsprintf': This function or variable may be unsafe. Consider using vsprintf_s instead. To disable deprecation, use _CRT_SECURE_NO_WARNINGS. See online help for details.
          D:\Program Files (x86)\Microsoft Visual Studio 11.0\VC\include\stdio.h(357) : 参见“vsprintf”的声明
E:\Deep_Learning_Project\face-alignment-in-3000fps-master\liblinear\linear.cpp(2592): warning C4996: 'fopen': This function or variable may be unsafe. Consider using fopen_s instead. To disable deprecation, use _CRT_SECURE_NO_WARNINGS. See online help for details.
          D:\Program Files (x86)\Microsoft Visual Studio 11.0\VC\include\stdio.h(218) : 参见“fopen”的声明
E:\Deep_Learning_Project\face-alignment-in-3000fps-master\liblinear\linear.cpp(2595): warning C4996: 'strdup': The POSIX name for this item is deprecated. Instead, use the ISO C++ conformant name: _strdup. See online help for details.
          D:\Program Files (x86)\Microsoft Visual Studio 11.0\VC\include\string.h(241) : 参见“strdup”的声明
E:\Deep_Learning_Project\face-alignment-in-3000fps-master\liblinear\linear.cpp(2637): warning C4996: 'fopen': This function or variable may be unsafe. Consider using fopen_s instead. To disable deprecation, use _CRT_SECURE_NO_WARNINGS. See online help for details.
          D:\Program Files (x86)\Microsoft Visual Studio 11.0\VC\include\stdio.h(218) : 参见“fopen”的声明
E:\Deep_Learning_Project\face-alignment-in-3000fps-master\liblinear\linear.cpp(2650): warning C4996: 'strdup': The POSIX name for this item is deprecated. Instead, use the ISO C++ conformant name: _strdup. See online help for details.
          D:\Program Files (x86)\Microsoft Visual Studio 11.0\VC\include\string.h(241) : 参见“strdup”的声明
E:\Deep_Learning_Project\face-alignment-in-3000fps-master\liblinear\linear.cpp(2656): warning C4996: 'fscanf': This function or variable may be unsafe. Consider using fscanf_s instead. To disable deprecation, use _CRT_SECURE_NO_WARNINGS. See online help for details.
          D:\Program Files (x86)\Microsoft Visual Studio 11.0\VC\include\stdio.h(237) : 参见“fscanf”的声明
E:\Deep_Learning_Project\face-alignment-in-3000fps-master\liblinear\linear.cpp(2659): warning C4996: 'fscanf': This function or variable may be unsafe. Consider using fscanf_s instead. To disable deprecation, use _CRT_SECURE_NO_WARNINGS. See online help for details.
          D:\Program Files (x86)\Microsoft Visual Studio 11.0\VC\include\stdio.h(237) : 参见“fscanf”的声明
E:\Deep_Learning_Project\face-alignment-in-3000fps-master\liblinear\linear.cpp(2682): warning C4996: 'fscanf': This function or variable may be unsafe. Consider using fscanf_s instead. To disable deprecation, use _CRT_SECURE_NO_WARNINGS. See online help for details.
          D:\Program Files (x86)\Microsoft Visual Studio 11.0\VC\include\stdio.h(237) : 参见“fscanf”的声明
E:\Deep_Learning_Project\face-alignment-in-3000fps-master\liblinear\linear.cpp(2687): warning C4996: 'fscanf': This function or variable may be unsafe. Consider using fscanf_s instead. To disable deprecation, use _CRT_SECURE_NO_WARNINGS. See online help for details.
          D:\Program Files (x86)\Microsoft Visual Studio 11.0\VC\include\stdio.h(237) : 参见“fscanf”的声明
E:\Deep_Learning_Project\face-alignment-in-3000fps-master\liblinear\linear.cpp(2692): warning C4996: 'fscanf': This function or variable may be unsafe. Consider using fscanf_s instead. To disable deprecation, use _CRT_SECURE_NO_WARNINGS. See online help for details.
          D:\Program Files (x86)\Microsoft Visual Studio 11.0\VC\include\stdio.h(237) : 参见“fscanf”的声明
E:\Deep_Learning_Project\face-alignment-in-3000fps-master\liblinear\linear.cpp(2704): warning C4996: 'fscanf': This function or variable may be unsafe. Consider using fscanf_s instead. To disable deprecation, use _CRT_SECURE_NO_WARNINGS. See online help for details.
          D:\Program Files (x86)\Microsoft Visual Studio 11.0\VC\include\stdio.h(237) : 参见“fscanf”的声明
E:\Deep_Learning_Project\face-alignment-in-3000fps-master\liblinear\linear.cpp(2734): warning C4996: 'fscanf': This function or variable may be unsafe. Consider using fscanf_s instead. To disable deprecation, use _CRT_SECURE_NO_WARNINGS. See online help for details.
          D:\Program Files (x86)\Microsoft Visual Studio 11.0\VC\include\stdio.h(237) : 参见“fscanf”的声明
E:\Deep_Learning_Project\face-alignment-in-3000fps-master\liblinear\linear.cpp(2735): warning C4996: 'fscanf': This function or variable may be unsafe. Consider using fscanf_s instead. To disable deprecation, use _CRT_SECURE_NO_WARNINGS. See online help for details.
          D:\Program Files (x86)\Microsoft Visual Studio 11.0\VC\include\stdio.h(237) : 参见“fscanf”的声明
E:\Deep_Learning_Project\face-alignment-in-3000fps-master\liblinear\linear.cpp(2758): warning C4996: 'strdup': The POSIX name for this item is deprecated. Instead, use the ISO C++ conformant name: _strdup. See online help for details.
          D:\Program Files (x86)\Microsoft Visual Studio 11.0\VC\include\string.h(241) : 参见“strdup”的声明
E:\Deep_Learning_Project\face-alignment-in-3000fps-master\liblinear\linear.cpp(2824): warning C4996: 'strdup': The POSIX name for this item is deprecated. Instead, use the ISO C++ conformant name: _strdup. See online help for details.
          D:\Program Files (x86)\Microsoft Visual Studio 11.0\VC\include\string.h(241) : 参见“strdup”的声明
  LBF.cpp
e:\deep_learning_project\face-alignment-in-3000fps-master\Tree.h(77): warning C4244: “=”: 从“double”转换到“int”，可能丢失数据
E:\Deep_Learning_Project\face-alignment-in-3000fps-master\LBF.cpp(59): warning C4244: “=”: 从“double”转换到“int”，可能丢失数据
  TrainDemo.cpp
e:\deep_learning_project\face-alignment-in-3000fps-master\Tree.h(77): warning C4244: “=”: 从“double”转换到“int”，可能丢失数据
  TestDemo.cpp
e:\deep_learning_project\face-alignment-in-3000fps-master\Tree.h(77): warning C4244: “=”: 从“double”转换到“int”，可能丢失数据
E:\Deep_Learning_Project\face-alignment-in-3000fps-master\TestDemo.cpp(33): warning C4267: “初始化”: 从“size_t”转换到“int”，可能丢失数据
E:\Deep_Learning_Project\face-alignment-in-3000fps-master\TestDemo.cpp(34): warning C4129: “.”: 不可识别的字符转义序列
E:\Deep_Learning_Project\face-alignment-in-3000fps-master\TestDemo.cpp(34): warning C4267: “初始化”: 从“size_t”转换到“int”，可能丢失数据
E:\Deep_Learning_Project\face-alignment-in-3000fps-master\TestDemo.cpp(41): warning C4996: 'mkdir': The POSIX name for this item is deprecated. Instead, use the ISO C++ conformant name: _mkdir. See online help for details.
          D:\Program Files (x86)\Microsoft Visual Studio 11.0\VC\include\direct.h(140) : 参见“mkdir”的声明
E:\Deep_Learning_Project\face-alignment-in-3000fps-master\TestDemo.cpp(52): warning C4129: “.”: 不可识别的字符转义序列
E:\Deep_Learning_Project\face-alignment-in-3000fps-master\TestDemo.cpp(52): warning C4267: “初始化”: 从“size_t”转换到“int”，可能丢失数据
  facedetect.cpp
e:\deep_learning_project\face-alignment-in-3000fps-master\Tree.h(77): warning C4244: “=”: 从“double”转换到“int”，可能丢失数据
E:\Deep_Learning_Project\face-alignment-in-3000fps-master\facedetect.cpp(117): warning C4996: 'mkdir': The POSIX name for this item is deprecated. Instead, use the ISO C++ conformant name: _mkdir. See online help for details.
          D:\Program Files (x86)\Microsoft Visual Studio 11.0\VC\include\direct.h(140) : 参见“mkdir”的声明
E:\Deep_Learning_Project\face-alignment-in-3000fps-master\facedetect.cpp(124): warning C4244: “参数”: 从“double”转换到“int”，可能丢失数据
E:\Deep_Learning_Project\face-alignment-in-3000fps-master\facedetect.cpp(125): warning C4244: “参数”: 从“double”转换到“int”，可能丢失数据
E:\Deep_Learning_Project\face-alignment-in-3000fps-master\facedetect.cpp(145): warning C4244: “参数”: 从“double”转换到“int”，可能丢失数据
  Utils.cpp
e:\deep_learning_project\face-alignment-in-3000fps-master\Tree.h(77): warning C4244: “=”: 从“double”转换到“int”，可能丢失数据
E:\Deep_Learning_Project\face-alignment-in-3000fps-master\Utils.cpp(148): warning C4244: “=”: 从“double”转换到“int”，可能丢失数据
E:\Deep_Learning_Project\face-alignment-in-3000fps-master\Utils.cpp(150): warning C4244: “=”: 从“double”转换到“int”，可能丢失数据
E:\Deep_Learning_Project\face-alignment-in-3000fps-master\Utils.cpp(152): warning C4244: “=”: 从“double”转换到“int”，可能丢失数据
E:\Deep_Learning_Project\face-alignment-in-3000fps-master\Utils.cpp(154): warning C4244: “=”: 从“double”转换到“int”，可能丢失数据
  Tree.cpp
e:\deep_learning_project\face-alignment-in-3000fps-master\Tree.h(77): warning C4244: “=”: 从“double”转换到“int”，可能丢失数据
E:\Deep_Learning_Project\face-alignment-in-3000fps-master\Tree.cpp(174): warning C4018: “<”: 有符号/无符号不匹配
E:\Deep_Learning_Project\face-alignment-in-3000fps-master\Tree.cpp(202): warning C4244: “初始化”: 从“double”转换到“int”，可能丢失数据
E:\Deep_Learning_Project\face-alignment-in-3000fps-master\Tree.cpp(203): warning C4244: “初始化”: 从“double”转换到“int”，可能丢失数据
E:\Deep_Learning_Project\face-alignment-in-3000fps-master\Tree.cpp(204): warning C4244: “=”: 从“const double”转换到“int”，可能丢失数据
E:\Deep_Learning_Project\face-alignment-in-3000fps-master\Tree.cpp(205): warning C4244: “=”: 从“const double”转换到“int”，可能丢失数据
E:\Deep_Learning_Project\face-alignment-in-3000fps-master\Tree.cpp(211): warning C4244: “初始化”: 从“double”转换到“int”，可能丢失数据
E:\Deep_Learning_Project\face-alignment-in-3000fps-master\Tree.cpp(212): warning C4244: “初始化”: 从“double”转换到“int”，可能丢失数据
E:\Deep_Learning_Project\face-alignment-in-3000fps-master\Tree.cpp(213): warning C4244: “=”: 从“const double”转换到“int”，可能丢失数据
E:\Deep_Learning_Project\face-alignment-in-3000fps-master\Tree.cpp(214): warning C4244: “=”: 从“const double”转换到“int”，可能丢失数据
E:\Deep_Learning_Project\face-alignment-in-3000fps-master\Tree.cpp(268): warning C4244: “参数”: 从“double”转换到“int”，可能丢失数据
E:\Deep_Learning_Project\face-alignment-in-3000fps-master\Tree.cpp(269): warning C4244: “参数”: 从“double”转换到“int”，可能丢失数据
E:\Deep_Learning_Project\face-alignment-in-3000fps-master\Tree.cpp(270): warning C4244: “参数”: 从“double”转换到“int”，可能丢失数据
E:\Deep_Learning_Project\face-alignment-in-3000fps-master\Tree.cpp(271): warning C4244: “参数”: 从“double”转换到“int”，可能丢失数据
E:\Deep_Learning_Project\face-alignment-in-3000fps-master\Tree.cpp(277): warning C4244: “参数”: 从“double”转换到“int”，可能丢失数据
  RandomForest.cpp
e:\deep_learning_project\face-alignment-in-3000fps-master\Tree.h(77): warning C4244: “=”: 从“double”转换到“int”，可能丢失数据
E:\Deep_Learning_Project\face-alignment-in-3000fps-master\RandomForest.cpp(19): warning C4244: “初始化”: 从“double”转换到“int”，可能丢失数据
E:\Deep_Learning_Project\face-alignment-in-3000fps-master\RandomForest.cpp(25): warning C4244: “=”: 从“const double”转换到“int”，可能丢失数据
  LBFRegressor.cpp
e:\deep_learning_project\face-alignment-in-3000fps-master\Tree.h(77): warning C4244: “=”: 从“double”转换到“int”，可能丢失数据
E:\Deep_Learning_Project\face-alignment-in-3000fps-master\LBFRegressor.cpp(41): warning C4244: “初始化”: 从“double”转换到“int”，可能丢失数据
E:\Deep_Learning_Project\face-alignment-in-3000fps-master\LBFRegressor.cpp(79): warning C4244: “初始化”: 从“double”转换到“int”，可能丢失数据
E:\Deep_Learning_Project\face-alignment-in-3000fps-master\LBFRegressor.cpp(80): warning C4244: “初始化”: 从“double”转换到“int”，可能丢失数据
E:\Deep_Learning_Project\face-alignment-in-3000fps-master\LBFRegressor.cpp(81): warning C4244: “=”: 从“const double”转换到“int”，可能丢失数据
E:\Deep_Learning_Project\face-alignment-in-3000fps-master\LBFRegressor.cpp(82): warning C4244: “=”: 从“const double”转换到“int”，可能丢失数据
E:\Deep_Learning_Project\face-alignment-in-3000fps-master\LBFRegressor.cpp(88): warning C4244: “初始化”: 从“double”转换到“int”，可能丢失数据
E:\Deep_Learning_Project\face-alignment-in-3000fps-master\LBFRegressor.cpp(89): warning C4244: “初始化”: 从“double”转换到“int”，可能丢失数据
E:\Deep_Learning_Project\face-alignment-in-3000fps-master\LBFRegressor.cpp(90): warning C4244: “=”: 从“const double”转换到“int”，可能丢失数据
E:\Deep_Learning_Project\face-alignment-in-3000fps-master\LBFRegressor.cpp(91): warning C4244: “=”: 从“const double”转换到“int”，可能丢失数据
E:\Deep_Learning_Project\face-alignment-in-3000fps-master\LBFRegressor.cpp(264): warning C4244: “初始化”: 从“double”转换到“int”，可能丢失数据
  正在生成代码...
  LBF.out.vcxproj -> E:\Deep_Learning_Project\face-alignment-in-3000fps-master\vs2012_bulid\Release\LBF_dzp.exe
