E:\DEEP_LEARNING_PROJECT\FACE-ALIGNMENT-IN-3000FPS-MASTER\VS2012_BULID\LBF.OUT.DIR\RELEASE\DSCAL.OBJ
E:\DEEP_LEARNING_PROJECT\FACE-ALIGNMENT-IN-3000FPS-MASTER\VS2012_BULID\LBF.OUT.DIR\RELEASE\DNRM2.OBJ
E:\DEEP_LEARNING_PROJECT\FACE-ALIGNMENT-IN-3000FPS-MASTER\VS2012_BULID\LBF.OUT.DIR\RELEASE\DDOT.OBJ
E:\DEEP_LEARNING_PROJECT\FACE-ALIGNMENT-IN-3000FPS-MASTER\VS2012_BULID\LBF.OUT.DIR\RELEASE\DAXPY.OBJ
E:\DEEP_LEARNING_PROJECT\FACE-ALIGNMENT-IN-3000FPS-MASTER\VS2012_BULID\LBF.OUT.DIR\RELEASE\VC110.PDB
E:\DEEP_LEARNING_PROJECT\FACE-ALIGNMENT-IN-3000FPS-MASTER\VS2012_BULID\LBF.OUT.DIR\RELEASE\LBFREGRESSOR.OBJ
E:\DEEP_LEARNING_PROJECT\FACE-ALIGNMENT-IN-3000FPS-MASTER\VS2012_BULID\LBF.OUT.DIR\RELEASE\RANDOMFOREST.OBJ
E:\DEEP_LEARNING_PROJECT\FACE-ALIGNMENT-IN-3000FPS-MASTER\VS2012_BULID\LBF.OUT.DIR\RELEASE\TREE.OBJ
E:\DEEP_LEARNING_PROJECT\FACE-ALIGNMENT-IN-3000FPS-MASTER\VS2012_BULID\LBF.OUT.DIR\RELEASE\UTILS.OBJ
E:\DEEP_LEARNING_PROJECT\FACE-ALIGNMENT-IN-3000FPS-MASTER\VS2012_BULID\LBF.OUT.DIR\RELEASE\FACEDETECT.OBJ
E:\DEEP_LEARNING_PROJECT\FACE-ALIGNMENT-IN-3000FPS-MASTER\VS2012_BULID\LBF.OUT.DIR\RELEASE\TESTDEMO.OBJ
E:\DEEP_LEARNING_PROJECT\FACE-ALIGNMENT-IN-3000FPS-MASTER\VS2012_BULID\LBF.OUT.DIR\RELEASE\TRAINDEMO.OBJ
E:\DEEP_LEARNING_PROJECT\FACE-ALIGNMENT-IN-3000FPS-MASTER\VS2012_BULID\LBF.OUT.DIR\RELEASE\LBF.OBJ
E:\DEEP_LEARNING_PROJECT\FACE-ALIGNMENT-IN-3000FPS-MASTER\VS2012_BULID\LBF.OUT.DIR\RELEASE\LINEAR.OBJ
E:\DEEP_LEARNING_PROJECT\FACE-ALIGNMENT-IN-3000FPS-MASTER\VS2012_BULID\LBF.OUT.DIR\RELEASE\TRON.OBJ
E:\DEEP_LEARNING_PROJECT\FACE-ALIGNMENT-IN-3000FPS-MASTER\VS2012_BULID\CMAKEFILES\GENERATE.STAMP
E:\DEEP_LEARNING_PROJECT\FACE-ALIGNMENT-IN-3000FPS-MASTER\VS2012_BULID\RELEASE\LBFOUT.EXE
E:\DEEP_LEARNING_PROJECT\FACE-ALIGNMENT-IN-3000FPS-MASTER\VS2012_BULID\RELEASE\LBF.OUT.PDB
E:\Deep_Learning_Project\face-alignment-in-3000fps-master\vs2012_bulid\LBF.out.dir\Release\daxpy.obj
E:\Deep_Learning_Project\face-alignment-in-3000fps-master\vs2012_bulid\LBF.out.dir\Release\ddot.obj
E:\Deep_Learning_Project\face-alignment-in-3000fps-master\vs2012_bulid\LBF.out.dir\Release\dnrm2.obj
E:\Deep_Learning_Project\face-alignment-in-3000fps-master\vs2012_bulid\LBF.out.dir\Release\dscal.obj
E:\Deep_Learning_Project\face-alignment-in-3000fps-master\vs2012_bulid\LBF.out.dir\Release\facedetect.obj
E:\Deep_Learning_Project\face-alignment-in-3000fps-master\vs2012_bulid\LBF.out.dir\Release\LBF.obj
E:\Deep_Learning_Project\face-alignment-in-3000fps-master\vs2012_bulid\LBF.out.dir\Release\LBFRegressor.obj
E:\Deep_Learning_Project\face-alignment-in-3000fps-master\vs2012_bulid\LBF.out.dir\Release\linear.obj
E:\Deep_Learning_Project\face-alignment-in-3000fps-master\vs2012_bulid\LBF.out.dir\Release\RandomForest.obj
E:\Deep_Learning_Project\face-alignment-in-3000fps-master\vs2012_bulid\LBF.out.dir\Release\TestDemo.obj
E:\Deep_Learning_Project\face-alignment-in-3000fps-master\vs2012_bulid\LBF.out.dir\Release\TrainDemo.obj
E:\Deep_Learning_Project\face-alignment-in-3000fps-master\vs2012_bulid\LBF.out.dir\Release\Tree.obj
E:\Deep_Learning_Project\face-alignment-in-3000fps-master\vs2012_bulid\LBF.out.dir\Release\tron.obj
E:\Deep_Learning_Project\face-alignment-in-3000fps-master\vs2012_bulid\LBF.out.dir\Release\Utils.obj
E:\Deep_Learning_Project\face-alignment-in-3000fps-master\vs2012_bulid\LBF.out.dir\Release\cl.command.1.tlog
E:\Deep_Learning_Project\face-alignment-in-3000fps-master\vs2012_bulid\LBF.out.dir\Release\CL.read.1.tlog
E:\Deep_Learning_Project\face-alignment-in-3000fps-master\vs2012_bulid\LBF.out.dir\Release\CL.write.1.tlog
E:\Deep_Learning_Project\face-alignment-in-3000fps-master\vs2012_bulid\LBF.out.dir\Release\custombuild.command.1.tlog
E:\Deep_Learning_Project\face-alignment-in-3000fps-master\vs2012_bulid\LBF.out.dir\Release\custombuild.read.1.tlog
E:\Deep_Learning_Project\face-alignment-in-3000fps-master\vs2012_bulid\LBF.out.dir\Release\custombuild.write.1.tlog
E:\Deep_Learning_Project\face-alignment-in-3000fps-master\vs2012_bulid\LBF.out.dir\Release\link-cvtres.read.1.tlog
E:\Deep_Learning_Project\face-alignment-in-3000fps-master\vs2012_bulid\LBF.out.dir\Release\link-cvtres.write.1.tlog
E:\Deep_Learning_Project\face-alignment-in-3000fps-master\vs2012_bulid\LBF.out.dir\Release\link-rc.read.1.tlog
E:\Deep_Learning_Project\face-alignment-in-3000fps-master\vs2012_bulid\LBF.out.dir\Release\link-rc.write.1.tlog
E:\Deep_Learning_Project\face-alignment-in-3000fps-master\vs2012_bulid\LBF.out.dir\Release\link.command.1.tlog
E:\Deep_Learning_Project\face-alignment-in-3000fps-master\vs2012_bulid\LBF.out.dir\Release\link.read.1.tlog
E:\Deep_Learning_Project\face-alignment-in-3000fps-master\vs2012_bulid\LBF.out.dir\Release\link.write.1.tlog
E:\Deep_Learning_Project\face-alignment-in-3000fps-master\vs2012_bulid\LBF.out.dir\Release\vc110.pdb
E:\Deep_Learning_Project\face-alignment-in-3000fps-master\vs2012_bulid\Release\LBFout.exe
