E:\DEEP_LEARNING_PROJECT\FACE-ALIGNMENT-IN-3000FPS-MASTER\VS2012_BULID\LBF.OUT.DIR\DEBUG\DSCAL.OBJ
E:\DEEP_LEARNING_PROJECT\FACE-ALIGNMENT-IN-3000FPS-MASTER\VS2012_BULID\LBF.OUT.DIR\DEBUG\DNRM2.OBJ
E:\DEEP_LEARNING_PROJECT\FACE-ALIGNMENT-IN-3000FPS-MASTER\VS2012_BULID\LBF.OUT.DIR\DEBUG\DDOT.OBJ
E:\DEEP_LEARNING_PROJECT\FACE-ALIGNMENT-IN-3000FPS-MASTER\VS2012_BULID\LBF.OUT.DIR\DEBUG\DAXPY.OBJ
E:\DEEP_LEARNING_PROJECT\FACE-ALIGNMENT-IN-3000FPS-MASTER\VS2012_BULID\LBF.OUT.DIR\DEBUG\VC110.PDB
E:\DEEP_LEARNING_PROJECT\FACE-ALIGNMENT-IN-3000FPS-MASTER\VS2012_BULID\LBF.OUT.DIR\DEBUG\LBFREGRESSOR.OBJ
E:\DEEP_LEARNING_PROJECT\FACE-ALIGNMENT-IN-3000FPS-MASTER\VS2012_BULID\LBF.OUT.DIR\DEBUG\RANDOMFOREST.OBJ
E:\DEEP_LEARNING_PROJECT\FACE-ALIGNMENT-IN-3000FPS-MASTER\VS2012_BULID\LBF.OUT.DIR\DEBUG\TREE.OBJ
E:\DEEP_LEARNING_PROJECT\FACE-ALIGNMENT-IN-3000FPS-MASTER\VS2012_BULID\LBF.OUT.DIR\DEBUG\UTILS.OBJ
E:\DEEP_LEARNING_PROJECT\FACE-ALIGNMENT-IN-3000FPS-MASTER\VS2012_BULID\LBF.OUT.DIR\DEBUG\FACEDETECT.OBJ
E:\DEEP_LEARNING_PROJECT\FACE-ALIGNMENT-IN-3000FPS-MASTER\VS2012_BULID\LBF.OUT.DIR\DEBUG\TESTDEMO.OBJ
E:\DEEP_LEARNING_PROJECT\FACE-ALIGNMENT-IN-3000FPS-MASTER\VS2012_BULID\LBF.OUT.DIR\DEBUG\TRAINDEMO.OBJ
E:\DEEP_LEARNING_PROJECT\FACE-ALIGNMENT-IN-3000FPS-MASTER\VS2012_BULID\LBF.OUT.DIR\DEBUG\LBF.OBJ
E:\DEEP_LEARNING_PROJECT\FACE-ALIGNMENT-IN-3000FPS-MASTER\VS2012_BULID\LBF.OUT.DIR\DEBUG\LINEAR.OBJ
E:\DEEP_LEARNING_PROJECT\FACE-ALIGNMENT-IN-3000FPS-MASTER\VS2012_BULID\LBF.OUT.DIR\DEBUG\TRON.OBJ
E:\DEEP_LEARNING_PROJECT\FACE-ALIGNMENT-IN-3000FPS-MASTER\VS2012_BULID\CMAKEFILES\GENERATE.STAMP
E:\DEEP_LEARNING_PROJECT\FACE-ALIGNMENT-IN-3000FPS-MASTER\VS2012_BULID\DEBUG\LBF.OUT.ILK
E:\DEEP_LEARNING_PROJECT\FACE-ALIGNMENT-IN-3000FPS-MASTER\VS2012_BULID\DEBUG\LBF.OUT.EXE
E:\DEEP_LEARNING_PROJECT\FACE-ALIGNMENT-IN-3000FPS-MASTER\VS2012_BULID\DEBUG\LBF.OUT.PDB
E:\Deep_Learning_Project\face-alignment-in-3000fps-master\vs2012_bulid\LBF.out.dir\Debug\daxpy.obj
E:\Deep_Learning_Project\face-alignment-in-3000fps-master\vs2012_bulid\LBF.out.dir\Debug\ddot.obj
E:\Deep_Learning_Project\face-alignment-in-3000fps-master\vs2012_bulid\LBF.out.dir\Debug\dnrm2.obj
E:\Deep_Learning_Project\face-alignment-in-3000fps-master\vs2012_bulid\LBF.out.dir\Debug\dscal.obj
E:\Deep_Learning_Project\face-alignment-in-3000fps-master\vs2012_bulid\LBF.out.dir\Debug\facedetect.obj
E:\Deep_Learning_Project\face-alignment-in-3000fps-master\vs2012_bulid\LBF.out.dir\Debug\LBF.obj
E:\Deep_Learning_Project\face-alignment-in-3000fps-master\vs2012_bulid\LBF.out.dir\Debug\LBFRegressor.obj
E:\Deep_Learning_Project\face-alignment-in-3000fps-master\vs2012_bulid\LBF.out.dir\Debug\linear.obj
E:\Deep_Learning_Project\face-alignment-in-3000fps-master\vs2012_bulid\LBF.out.dir\Debug\RandomForest.obj
E:\Deep_Learning_Project\face-alignment-in-3000fps-master\vs2012_bulid\LBF.out.dir\Debug\TestDemo.obj
E:\Deep_Learning_Project\face-alignment-in-3000fps-master\vs2012_bulid\LBF.out.dir\Debug\TrainDemo.obj
E:\Deep_Learning_Project\face-alignment-in-3000fps-master\vs2012_bulid\LBF.out.dir\Debug\Tree.obj
E:\Deep_Learning_Project\face-alignment-in-3000fps-master\vs2012_bulid\LBF.out.dir\Debug\tron.obj
E:\Deep_Learning_Project\face-alignment-in-3000fps-master\vs2012_bulid\LBF.out.dir\Debug\Utils.obj
E:\Deep_Learning_Project\face-alignment-in-3000fps-master\vs2012_bulid\LBF.out.dir\Debug\cl.command.1.tlog
E:\Deep_Learning_Project\face-alignment-in-3000fps-master\vs2012_bulid\LBF.out.dir\Debug\CL.read.1.tlog
E:\Deep_Learning_Project\face-alignment-in-3000fps-master\vs2012_bulid\LBF.out.dir\Debug\CL.write.1.tlog
E:\Deep_Learning_Project\face-alignment-in-3000fps-master\vs2012_bulid\LBF.out.dir\Debug\custombuild.command.1.tlog
E:\Deep_Learning_Project\face-alignment-in-3000fps-master\vs2012_bulid\LBF.out.dir\Debug\custombuild.read.1.tlog
E:\Deep_Learning_Project\face-alignment-in-3000fps-master\vs2012_bulid\LBF.out.dir\Debug\custombuild.write.1.tlog
E:\Deep_Learning_Project\face-alignment-in-3000fps-master\vs2012_bulid\LBF.out.dir\Debug\link-cvtres.read.1.tlog
E:\Deep_Learning_Project\face-alignment-in-3000fps-master\vs2012_bulid\LBF.out.dir\Debug\link-cvtres.write.1.tlog
E:\Deep_Learning_Project\face-alignment-in-3000fps-master\vs2012_bulid\LBF.out.dir\Debug\link-rc.read.1.tlog
E:\Deep_Learning_Project\face-alignment-in-3000fps-master\vs2012_bulid\LBF.out.dir\Debug\link-rc.write.1.tlog
E:\Deep_Learning_Project\face-alignment-in-3000fps-master\vs2012_bulid\LBF.out.dir\Debug\link.5316-cvtres.read.1.tlog
E:\Deep_Learning_Project\face-alignment-in-3000fps-master\vs2012_bulid\LBF.out.dir\Debug\link.5316-cvtres.write.1.tlog
E:\Deep_Learning_Project\face-alignment-in-3000fps-master\vs2012_bulid\LBF.out.dir\Debug\link.5316-rc.read.1.tlog
E:\Deep_Learning_Project\face-alignment-in-3000fps-master\vs2012_bulid\LBF.out.dir\Debug\link.5316-rc.write.1.tlog
E:\Deep_Learning_Project\face-alignment-in-3000fps-master\vs2012_bulid\LBF.out.dir\Debug\link.5316.read.1.tlog
E:\Deep_Learning_Project\face-alignment-in-3000fps-master\vs2012_bulid\LBF.out.dir\Debug\link.5316.write.1.tlog
E:\Deep_Learning_Project\face-alignment-in-3000fps-master\vs2012_bulid\LBF.out.dir\Debug\link.command.1.tlog
E:\Deep_Learning_Project\face-alignment-in-3000fps-master\vs2012_bulid\LBF.out.dir\Debug\link.read.1.tlog
E:\Deep_Learning_Project\face-alignment-in-3000fps-master\vs2012_bulid\LBF.out.dir\Debug\link.write.1.tlog
E:\Deep_Learning_Project\face-alignment-in-3000fps-master\vs2012_bulid\LBF.out.dir\Debug\vc110.pdb
E:\Deep_Learning_Project\face-alignment-in-3000fps-master\vs2012_bulid\Debug\LBF.out.pdb
E:\Deep_Learning_Project\face-alignment-in-3000fps-master\vs2012_bulid\Debug\LBF.out.exe
E:\Deep_Learning_Project\face-alignment-in-3000fps-master\vs2012_bulid\Debug\LBF.out.ilk
